<?xml version="1.0" encoding="UTF-8"?>
<testng-results ignored="0" total="1" passed="1" failed="0" skipped="0">
  <reporter-output>
  </reporter-output>
  <suite started-at="2022-03-31T14:17:21 EDT" name="Default suite" finished-at="2022-03-31T14:18:08 EDT" duration-ms="46858">
    <groups>
    </groups>
    <test started-at="2022-03-31T14:17:21 EDT" name="Default test" finished-at="2022-03-31T14:18:08 EDT" duration-ms="46858">
      <class name="amazon1.TestNgAmazon">
        <test-method is-config="true" signature="amazonproject()[pri:0, instance:amazon1.TestNgAmazon@4fb0f2b9]" started-at="2022-03-31T14:17:21 EDT" name="amazonproject" finished-at="2022-03-31T14:17:21 EDT" duration-ms="7" status="PASS">
          <reporter-output>
          </reporter-output>
        </test-method> <!-- amazonproject -->
        <test-method is-config="true" signature="driversetup()[pri:0, instance:amazon1.TestNgAmazon@4fb0f2b9]" started-at="2022-03-31T14:17:21 EDT" name="driversetup" finished-at="2022-03-31T14:17:26 EDT" duration-ms="5163" status="PASS">
          <reporter-output>
          </reporter-output>
        </test-method> <!-- driversetup -->
        <test-method is-config="true" signature="urlpassing()[pri:0, instance:amazon1.TestNgAmazon@4fb0f2b9]" started-at="2022-03-31T14:17:26 EDT" name="urlpassing" finished-at="2022-03-31T14:17:35 EDT" duration-ms="8713" status="PASS">
          <reporter-output>
          </reporter-output>
        </test-method> <!-- urlpassing -->
        <test-method signature="loginamazon()[pri:0, instance:amazon1.TestNgAmazon@4fb0f2b9]" started-at="2022-03-31T14:17:35 EDT" name="loginamazon" finished-at="2022-03-31T14:18:01 EDT" duration-ms="25964" status="PASS">
          <reporter-output>
          </reporter-output>
        </test-method> <!-- loginamazon -->
        <test-method is-config="true" signature="closebrowser()[pri:0, instance:amazon1.TestNgAmazon@4fb0f2b9]" started-at="2022-03-31T14:18:01 EDT" name="closebrowser" finished-at="2022-03-31T14:18:08 EDT" duration-ms="6992" status="PASS">
          <reporter-output>
          </reporter-output>
        </test-method> <!-- closebrowser -->
      </class> <!-- amazon1.TestNgAmazon -->
    </test> <!-- Default test -->
  </suite> <!-- Default suite -->
</testng-results>
